{
  "stats": {
    "suites": 18,
    "tests": 33,
    "passes": 26,
    "pending": 0,
    "failures": 7,
    "start": "2022-08-09T14:15:38.797Z",
    "end": "2022-08-09T14:16:13.431Z",
    "duration": 34634,
    "testsRegistered": 35,
    "passPercent": 74.28571428571429,
    "pendingPercent": 0,
    "other": 1,
    "hasOther": true,
    "skipped": 2,
    "hasSkipped": true
  },
  "results": [
    {
      "uuid": "968894e8-c6d8-4e3b-96df-67d0b2617e0d",
      "title": "",
      "fullFile": "cypress/integration/project.spec.js",
      "file": "cypress/integration/project.spec.js",
      "beforeHooks": [],
      "afterHooks": [],
      "tests": [],
      "suites": [
        {
          "uuid": "3e3edc51-86f1-46ea-a646-03a2bf2a5b26",
          "title": "1 - Crie um `input` com o `ID` `carta-texto` onde a pessoa usuária poderá digitar o conteúdo da carta",
          "fullFile": "",
          "file": "",
          "beforeHooks": [],
          "afterHooks": [],
          "tests": [
            {
              "title": "Será validado que existe um elemento `input` com `id=carta-texto`",
              "fullTitle": "1 - Crie um `input` com o `ID` `carta-texto` onde a pessoa usuária poderá digitar o conteúdo da carta Será validado que existe um elemento `input` com `id=carta-texto`",
              "timedOut": null,
              "duration": 1056,
              "state": "passed",
              "speed": "slow",
              "pass": true,
              "fail": false,
              "pending": false,
              "context": null,
              "code": "cy.get(LETTER_INPUT_SELECTOR).should('exist');",
              "err": {},
              "uuid": "33e5f0e0-2b53-408b-a653-3b970a84c0f3",
              "parentUUID": "3e3edc51-86f1-46ea-a646-03a2bf2a5b26",
              "isHook": false,
              "skipped": false
            }
          ],
          "suites": [],
          "passes": [
            "33e5f0e0-2b53-408b-a653-3b970a84c0f3"
          ],
          "failures": [],
          "pending": [],
          "skipped": [],
          "duration": 1056,
          "root": false,
          "rootEmpty": false,
          "_timeout": 2000
        },
        {
          "uuid": "9b3cc4c7-9815-4207-9f4f-310171dff157",
          "title": "2 - Crie um parágrafo com `id` `carta-gerada` onde a pessoa usuária verá o resultado de sua carta misteriosa",
          "fullFile": "",
          "file": "",
          "beforeHooks": [],
          "afterHooks": [],
          "tests": [
            {
              "title": "Será validado que existe um elemento `p` com o `id=\"carta-gerada\"`",
              "fullTitle": "2 - Crie um parágrafo com `id` `carta-gerada` onde a pessoa usuária verá o resultado de sua carta misteriosa Será validado que existe um elemento `p` com o `id=\"carta-gerada\"`",
              "timedOut": null,
              "duration": 289,
              "state": "passed",
              "speed": "slow",
              "pass": true,
              "fail": false,
              "pending": false,
              "context": null,
              "code": "cy.get(LETTER_GENERATED_P_SELECTOR).should('exist');",
              "err": {},
              "uuid": "b96da656-a4f8-472f-8004-64b0e268c089",
              "parentUUID": "9b3cc4c7-9815-4207-9f4f-310171dff157",
              "isHook": false,
              "skipped": false
            }
          ],
          "suites": [],
          "passes": [
            "b96da656-a4f8-472f-8004-64b0e268c089"
          ],
          "failures": [],
          "pending": [],
          "skipped": [],
          "duration": 289,
          "root": false,
          "rootEmpty": false,
          "_timeout": 2000
        },
        {
          "uuid": "47e1fa15-f2a0-4511-9f49-3f6c9ab90aff",
          "title": "3 - Crie um botão com `ID` `criar-carta` que deve gerar a carta misteriosa ao ser clicado",
          "fullFile": "",
          "file": "",
          "beforeHooks": [],
          "afterHooks": [],
          "tests": [
            {
              "title": "Será validado que existe um elemento button com `id=\"criar-carta\"`",
              "fullTitle": "3 - Crie um botão com `ID` `criar-carta` que deve gerar a carta misteriosa ao ser clicado Será validado que existe um elemento button com `id=\"criar-carta\"`",
              "timedOut": null,
              "duration": 417,
              "state": "passed",
              "speed": "slow",
              "pass": true,
              "fail": false,
              "pending": false,
              "context": null,
              "code": "cy.get(LETTER_ADD_BUTTON_SELECTOR).should('exist');",
              "err": {},
              "uuid": "a17e5494-b219-4b5f-9bf5-9f8f2d4cc50c",
              "parentUUID": "47e1fa15-f2a0-4511-9f49-3f6c9ab90aff",
              "isHook": false,
              "skipped": false
            },
            {
              "title": "Será validado que ao clicar no botão, a carta misteriosa deve ser gerada",
              "fullTitle": "3 - Crie um botão com `ID` `criar-carta` que deve gerar a carta misteriosa ao ser clicado Será validado que ao clicar no botão, a carta misteriosa deve ser gerada",
              "timedOut": null,
              "duration": 3499,
              "state": "failed",
              "speed": null,
              "pass": false,
              "fail": true,
              "pending": false,
              "context": null,
              "code": "var letterContent1 = 'esta é uma carta com 7 palavras';\ncheckLetterContent(letterContent1);\nvar letterContent2 = 'esta é uma carta com 2 palavras a mais';\ncheckLetterContent(letterContent2);",
              "err": {
                "message": "Uncaught ReferenceError: letterCounter is not defined\n\nThis error originated from your application code, not from Cypress.\n\nWhen Cypress detects uncaught errors originating from your application it will automatically fail the current test.\n\nThis behavior is configurable, and you can choose to turn this off by listening to the 'uncaught:exception' event.\n\nhttps://on.cypress.io/uncaught-exception-from-application",
                "estack": "Uncaught ReferenceError: letterCounter is not defined\n\nThis error originated from your application code, not from Cypress.\n\nWhen Cypress detects uncaught errors originating from your application it will automatically fail the current test.\n\nThis behavior is configurable, and you can choose to turn this off by listening to the 'uncaught:exception' event.\n\nhttps://on.cypress.io/uncaught-exception-from-application\n    at createLetter (http://localhost:59997/script.js:24:7)\n    at HTMLButtonElement.<anonymous> (http://localhost:59997/script.js:40:9)",
                "diff": null
              },
              "uuid": "3fcb9fbb-24a8-4512-b336-f00792743bbc",
              "parentUUID": "47e1fa15-f2a0-4511-9f49-3f6c9ab90aff",
              "isHook": false,
              "skipped": false
            }
          ],
          "suites": [],
          "passes": [
            "a17e5494-b219-4b5f-9bf5-9f8f2d4cc50c"
          ],
          "failures": [
            "3fcb9fbb-24a8-4512-b336-f00792743bbc"
          ],
          "pending": [],
          "skipped": [],
          "duration": 3916,
          "root": false,
          "rootEmpty": false,
          "_timeout": 2000
        },
        {
          "uuid": "e822aa3d-ca55-43be-a35d-52fecb1dbc2c",
          "title": "4 - Faça com que o input com `id` `carta-texto` permaneça com o texto digitado após clicar no botão de `id` `criar-carta`",
          "fullFile": "",
          "file": "",
          "beforeHooks": [],
          "afterHooks": [],
          "tests": [
            {
              "title": "Será validado que ao criar uma carta através do botão `id=\"criar-carta\"` o input` com id=\"carta-texto\" permanece com o texto digitado",
              "fullTitle": "4 - Faça com que o input com `id` `carta-texto` permaneça com o texto digitado após clicar no botão de `id` `criar-carta` Será validado que ao criar uma carta através do botão `id=\"criar-carta\"` o input` com id=\"carta-texto\" permanece com o texto digitado",
              "timedOut": null,
              "duration": 2833,
              "state": "failed",
              "speed": null,
              "pass": false,
              "fail": true,
              "pending": false,
              "context": null,
              "code": "var letterContent = 'esta é uma outra carta';\ncy.get(LETTER_ADD_BUTTON_SELECTOR).should('exist');\ncy.get(LETTER_INPUT_SELECTOR).type(letterContent);\ncy.get(LETTER_ADD_BUTTON_SELECTOR).click();\ncy.get(LETTER_INPUT_SELECTOR).should('have.value', letterContent);",
              "err": {
                "message": "Uncaught ReferenceError: letterCounter is not defined\n\nThis error originated from your application code, not from Cypress.\n\nWhen Cypress detects uncaught errors originating from your application it will automatically fail the current test.\n\nThis behavior is configurable, and you can choose to turn this off by listening to the 'uncaught:exception' event.\n\nhttps://on.cypress.io/uncaught-exception-from-application",
                "estack": "Uncaught ReferenceError: letterCounter is not defined\n\nThis error originated from your application code, not from Cypress.\n\nWhen Cypress detects uncaught errors originating from your application it will automatically fail the current test.\n\nThis behavior is configurable, and you can choose to turn this off by listening to the 'uncaught:exception' event.\n\nhttps://on.cypress.io/uncaught-exception-from-application\n    at createLetter (http://localhost:59997/script.js:24:7)\n    at HTMLButtonElement.<anonymous> (http://localhost:59997/script.js:40:9)",
                "diff": null
              },
              "uuid": "df651dd8-41eb-4068-b8fc-a8f13e5300e1",
              "parentUUID": "e822aa3d-ca55-43be-a35d-52fecb1dbc2c",
              "isHook": false,
              "skipped": false
            }
          ],
          "suites": [],
          "passes": [],
          "failures": [
            "df651dd8-41eb-4068-b8fc-a8f13e5300e1"
          ],
          "pending": [],
          "skipped": [],
          "duration": 2833,
          "root": false,
          "rootEmpty": false,
          "_timeout": 2000
        },
        {
          "uuid": "b2369e2d-1544-4c5f-a652-fb1a2c9985de",
          "title": "5 - Crie a mensagem 'Por favor, digite o conteúdo da carta!' para caso a pessoa usuária não preencha o campo ou preencha apenas com espaços em branco",
          "fullFile": "",
          "file": "",
          "beforeHooks": [],
          "afterHooks": [],
          "tests": [
            {
              "title": "Será validado que irá exibir a mensagem \"Por favor, digite o conteúdo da carta.\" no elemento `p` com o `id=\"carta-gerada\"",
              "fullTitle": "5 - Crie a mensagem 'Por favor, digite o conteúdo da carta!' para caso a pessoa usuária não preencha o campo ou preencha apenas com espaços em branco Será validado que irá exibir a mensagem \"Por favor, digite o conteúdo da carta.\" no elemento `p` com o `id=\"carta-gerada\"",
              "timedOut": null,
              "duration": 2310,
              "state": "failed",
              "speed": null,
              "pass": false,
              "fail": true,
              "pending": false,
              "context": null,
              "code": "var letterContent = ' ';\ncy.get(LETTER_INPUT_SELECTOR).type(letterContent);\ncy.get(LETTER_ADD_BUTTON_SELECTOR).click();\ncy.get(LETTER_GENERATED_P_SELECTOR).each(function ($el, index) {\n  var span = $el[0];\n  expect(span.innerText.toLowerCase()).to.be.equal(LETTER_BLANK_MESSAGE.toLowerCase());\n});",
              "err": {
                "message": "Uncaught ReferenceError: letterCounter is not defined\n\nThis error originated from your application code, not from Cypress.\n\nWhen Cypress detects uncaught errors originating from your application it will automatically fail the current test.\n\nThis behavior is configurable, and you can choose to turn this off by listening to the 'uncaught:exception' event.\n\nhttps://on.cypress.io/uncaught-exception-from-application",
                "estack": "Uncaught ReferenceError: letterCounter is not defined\n\nThis error originated from your application code, not from Cypress.\n\nWhen Cypress detects uncaught errors originating from your application it will automatically fail the current test.\n\nThis behavior is configurable, and you can choose to turn this off by listening to the 'uncaught:exception' event.\n\nhttps://on.cypress.io/uncaught-exception-from-application\n    at createLetter (http://localhost:59997/script.js:24:7)\n    at HTMLButtonElement.<anonymous> (http://localhost:59997/script.js:40:9)",
                "diff": null
              },
              "uuid": "6324b20b-4cd0-480c-84e6-165ff3c3c44e",
              "parentUUID": "b2369e2d-1544-4c5f-a652-fb1a2c9985de",
              "isHook": false,
              "skipped": false
            }
          ],
          "suites": [],
          "passes": [],
          "failures": [
            "6324b20b-4cd0-480c-84e6-165ff3c3c44e"
          ],
          "pending": [],
          "skipped": [],
          "duration": 2310,
          "root": false,
          "rootEmpty": false,
          "_timeout": 2000
        },
        {
          "uuid": "868f7198-e0fa-4336-8c97-dc9be60e529f",
          "title": "6 - Crie a classe `newspaper`",
          "fullFile": "",
          "file": "",
          "beforeHooks": [],
          "afterHooks": [],
          "tests": [
            {
              "title": "Será validado se a classe `newspaper` possui a propriedade `background-color` igual a rgb(250, 235, 215)",
              "fullTitle": "6 - Crie a classe `newspaper` Será validado se a classe `newspaper` possui a propriedade `background-color` igual a rgb(250, 235, 215)",
              "timedOut": null,
              "duration": 441,
              "state": "passed",
              "speed": "slow",
              "pass": true,
              "fail": false,
              "pending": false,
              "context": null,
              "code": "var properties = [{\n  key: 'background-color',\n  value: 'rgb(250, 235, 215)'\n}];\ncheckClass('newspaper', properties);",
              "err": {},
              "uuid": "12616b92-480f-4548-94fe-3f6d58513ac5",
              "parentUUID": "868f7198-e0fa-4336-8c97-dc9be60e529f",
              "isHook": false,
              "skipped": false
            },
            {
              "title": "Será validado se a classe `newspaper` possui `font-family` igual a \"Times New Roman\"",
              "fullTitle": "6 - Crie a classe `newspaper` Será validado se a classe `newspaper` possui `font-family` igual a \"Times New Roman\"",
              "timedOut": null,
              "duration": 409,
              "state": "passed",
              "speed": "slow",
              "pass": true,
              "fail": false,
              "pending": false,
              "context": null,
              "code": "var properties = [{\n  key: 'font-family',\n  value: 'Times New Roman',\n  match: true\n}];\ncheckClass('newspaper', properties);",
              "err": {},
              "uuid": "cfc2900b-6f21-44a9-9c74-5ca0c1acd06f",
              "parentUUID": "868f7198-e0fa-4336-8c97-dc9be60e529f",
              "isHook": false,
              "skipped": false
            },
            {
              "title": "Será validado se a classe `newspaper` possui a propriedade `font-weight` igual a 700",
              "fullTitle": "6 - Crie a classe `newspaper` Será validado se a classe `newspaper` possui a propriedade `font-weight` igual a 700",
              "timedOut": null,
              "duration": 169,
              "state": "passed",
              "speed": "slow",
              "pass": true,
              "fail": false,
              "pending": false,
              "context": null,
              "code": "var properties = [{\n  key: 'font-weight',\n  value: '700'\n}];\ncheckClass('newspaper', properties);",
              "err": {},
              "uuid": "90992bae-ebdf-4555-98a0-e9d8ab00d07e",
              "parentUUID": "868f7198-e0fa-4336-8c97-dc9be60e529f",
              "isHook": false,
              "skipped": false
            }
          ],
          "suites": [],
          "passes": [
            "12616b92-480f-4548-94fe-3f6d58513ac5",
            "cfc2900b-6f21-44a9-9c74-5ca0c1acd06f",
            "90992bae-ebdf-4555-98a0-e9d8ab00d07e"
          ],
          "failures": [],
          "pending": [],
          "skipped": [],
          "duration": 1019,
          "root": false,
          "rootEmpty": false,
          "_timeout": 2000
        },
        {
          "uuid": "411dca00-0d46-4fd9-acb6-2b6536661bef",
          "title": "7 - Crie a classe `magazine1`",
          "fullFile": "",
          "file": "",
          "beforeHooks": [],
          "afterHooks": [],
          "tests": [
            {
              "title": "Será validado se a classe `magazine1` possui a propriedade `background-color` igual a rgb(0, 128, 128)`",
              "fullTitle": "7 - Crie a classe `magazine1` Será validado se a classe `magazine1` possui a propriedade `background-color` igual a rgb(0, 128, 128)`",
              "timedOut": null,
              "duration": 361,
              "state": "passed",
              "speed": "slow",
              "pass": true,
              "fail": false,
              "pending": false,
              "context": null,
              "code": "var properties = [{\n  key: 'background-color',\n  value: 'rgb(0, 128, 128)'\n}];\ncheckClass('magazine1', properties);",
              "err": {},
              "uuid": "7eb57323-464d-406b-845a-ea2810a9ffd8",
              "parentUUID": "411dca00-0d46-4fd9-acb6-2b6536661bef",
              "isHook": false,
              "skipped": false
            },
            {
              "title": "Será validado se a classe `magazine1` possui  a propriedade `color` igual a rgb(255, 255, 255)`",
              "fullTitle": "7 - Crie a classe `magazine1` Será validado se a classe `magazine1` possui  a propriedade `color` igual a rgb(255, 255, 255)`",
              "timedOut": null,
              "duration": 172,
              "state": "passed",
              "speed": "slow",
              "pass": true,
              "fail": false,
              "pending": false,
              "context": null,
              "code": "var properties = [{\n  key: 'color',\n  value: 'rgb(255, 255, 255)'\n}];\ncheckClass('magazine1', properties);",
              "err": {},
              "uuid": "7bc0c2c1-a733-4c39-85fe-1aca5e39c5c0",
              "parentUUID": "411dca00-0d46-4fd9-acb6-2b6536661bef",
              "isHook": false,
              "skipped": false
            },
            {
              "title": "Será validado se a classe `magazine1` possui propriedade `font-family` igual a \"Verdana\"",
              "fullTitle": "7 - Crie a classe `magazine1` Será validado se a classe `magazine1` possui propriedade `font-family` igual a \"Verdana\"",
              "timedOut": null,
              "duration": 231,
              "state": "passed",
              "speed": "slow",
              "pass": true,
              "fail": false,
              "pending": false,
              "context": null,
              "code": "var properties = [{\n  key: 'font-family',\n  value: 'Verdana',\n  match: true\n}];\ncheckClass('magazine1', properties);",
              "err": {},
              "uuid": "755de4ed-a2be-449e-857a-baadfcb83cfe",
              "parentUUID": "411dca00-0d46-4fd9-acb6-2b6536661bef",
              "isHook": false,
              "skipped": false
            },
            {
              "title": " Será validado se a classe `magazine1` possui a propriedade `font-weight` igual a \"900\"",
              "fullTitle": "7 - Crie a classe `magazine1`  Será validado se a classe `magazine1` possui a propriedade `font-weight` igual a \"900\"",
              "timedOut": null,
              "duration": 82,
              "state": "passed",
              "speed": "slow",
              "pass": true,
              "fail": false,
              "pending": false,
              "context": null,
              "code": "var properties = [{\n  key: 'font-weight',\n  value: '900'\n}];\ncheckClass('magazine1', properties);",
              "err": {},
              "uuid": "33fca467-08dc-4c90-b46e-45fafe4d0003",
              "parentUUID": "411dca00-0d46-4fd9-acb6-2b6536661bef",
              "isHook": false,
              "skipped": false
            },
            {
              "title": "Será validado se a classe `magazine1` possui a propriedade `text-transform` igual a \"uppercase\"`",
              "fullTitle": "7 - Crie a classe `magazine1` Será validado se a classe `magazine1` possui a propriedade `text-transform` igual a \"uppercase\"`",
              "timedOut": null,
              "duration": 98,
              "state": "passed",
              "speed": "slow",
              "pass": true,
              "fail": false,
              "pending": false,
              "context": null,
              "code": "var properties = [{\n  key: 'text-transform',\n  value: 'uppercase'\n}];\ncheckClass('magazine1', properties);",
              "err": {},
              "uuid": "c3229d7e-197b-479f-9e09-c07e8dedba6d",
              "parentUUID": "411dca00-0d46-4fd9-acb6-2b6536661bef",
              "isHook": false,
              "skipped": false
            }
          ],
          "suites": [],
          "passes": [
            "7eb57323-464d-406b-845a-ea2810a9ffd8",
            "7bc0c2c1-a733-4c39-85fe-1aca5e39c5c0",
            "755de4ed-a2be-449e-857a-baadfcb83cfe",
            "33fca467-08dc-4c90-b46e-45fafe4d0003",
            "c3229d7e-197b-479f-9e09-c07e8dedba6d"
          ],
          "failures": [],
          "pending": [],
          "skipped": [],
          "duration": 944,
          "root": false,
          "rootEmpty": false,
          "_timeout": 2000
        },
        {
          "uuid": "c2db41ae-0702-435f-bca4-2d2e1df1caee",
          "title": "8 - Crie a classe `magazine2`",
          "fullFile": "",
          "file": "",
          "beforeHooks": [],
          "afterHooks": [],
          "tests": [
            {
              "title": "Será validado se a classe `magazine2` possui a propriedade `background-image` igual a \"images/pink-pattern.png\"",
              "fullTitle": "8 - Crie a classe `magazine2` Será validado se a classe `magazine2` possui a propriedade `background-image` igual a \"images/pink-pattern.png\"",
              "timedOut": null,
              "duration": 143,
              "state": "passed",
              "speed": "slow",
              "pass": true,
              "fail": false,
              "pending": false,
              "context": null,
              "code": "var properties = [{\n  key: 'background-image',\n  value: 'images/pink-pattern.png',\n  match: true\n}];\ncheckClass('magazine2', properties);",
              "err": {},
              "uuid": "23a392c6-d3ce-4818-958d-b4a89260042d",
              "parentUUID": "c2db41ae-0702-435f-bca4-2d2e1df1caee",
              "isHook": false,
              "skipped": false
            },
            {
              "title": "Será validado se a classe `magazine2` possui a propriedade `color` igual a rgb(255, 0, 255)",
              "fullTitle": "8 - Crie a classe `magazine2` Será validado se a classe `magazine2` possui a propriedade `color` igual a rgb(255, 0, 255)",
              "timedOut": null,
              "duration": 144,
              "state": "passed",
              "speed": "slow",
              "pass": true,
              "fail": false,
              "pending": false,
              "context": null,
              "code": "var properties = [{\n  key: 'color',\n  value: 'rgb(255, 0, 255)'\n}];\ncheckClass('magazine2', properties);",
              "err": {},
              "uuid": "d74cc426-d966-412d-8220-038d0dfedf70",
              "parentUUID": "c2db41ae-0702-435f-bca4-2d2e1df1caee",
              "isHook": false,
              "skipped": false
            },
            {
              "title": "Será validado se a classe `magazine2` possui a propriedade `font-family` igual a \"Verdana\"",
              "fullTitle": "8 - Crie a classe `magazine2` Será validado se a classe `magazine2` possui a propriedade `font-family` igual a \"Verdana\"",
              "timedOut": null,
              "duration": 156,
              "state": "passed",
              "speed": "slow",
              "pass": true,
              "fail": false,
              "pending": false,
              "context": null,
              "code": "var properties = [{\n  key: 'font-family',\n  value: 'Verdana',\n  match: true\n}];\ncheckClass('magazine2', properties);",
              "err": {},
              "uuid": "8467aa37-5bca-4914-ae88-a01cd5ccd0db",
              "parentUUID": "c2db41ae-0702-435f-bca4-2d2e1df1caee",
              "isHook": false,
              "skipped": false
            },
            {
              "title": "Será validado se a classe `magazine2` possui a propriedade `font-weight` igual a \"900\"",
              "fullTitle": "8 - Crie a classe `magazine2` Será validado se a classe `magazine2` possui a propriedade `font-weight` igual a \"900\"",
              "timedOut": null,
              "duration": 99,
              "state": "passed",
              "speed": "slow",
              "pass": true,
              "fail": false,
              "pending": false,
              "context": null,
              "code": "var properties = [{\n  key: 'font-weight',\n  value: '900'\n}];\ncheckClass('magazine2', properties);",
              "err": {},
              "uuid": "3d05aae3-11e7-4938-b196-d183561dc7ea",
              "parentUUID": "c2db41ae-0702-435f-bca4-2d2e1df1caee",
              "isHook": false,
              "skipped": false
            }
          ],
          "suites": [],
          "passes": [
            "23a392c6-d3ce-4818-958d-b4a89260042d",
            "d74cc426-d966-412d-8220-038d0dfedf70",
            "8467aa37-5bca-4914-ae88-a01cd5ccd0db",
            "3d05aae3-11e7-4938-b196-d183561dc7ea"
          ],
          "failures": [],
          "pending": [],
          "skipped": [],
          "duration": 542,
          "root": false,
          "rootEmpty": false,
          "_timeout": 2000
        },
        {
          "uuid": "6d81b700-a393-470c-90b7-a33b01e8b2d1",
          "title": "9 - Crie a classe `medium`",
          "fullFile": "",
          "file": "",
          "beforeHooks": [],
          "afterHooks": [],
          "tests": [
            {
              "title": "Será validado se a classe `medium` possui a propriedade `font-size` igual a \"20px\"",
              "fullTitle": "9 - Crie a classe `medium` Será validado se a classe `medium` possui a propriedade `font-size` igual a \"20px\"",
              "timedOut": null,
              "duration": 160,
              "state": "passed",
              "speed": "slow",
              "pass": true,
              "fail": false,
              "pending": false,
              "context": null,
              "code": "var properties = [{\n  key: 'font-size',\n  value: '20px'\n}];\ncheckClass('medium', properties);",
              "err": {},
              "uuid": "7e04bb29-6c2e-4f05-aa56-e9611f517eb9",
              "parentUUID": "6d81b700-a393-470c-90b7-a33b01e8b2d1",
              "isHook": false,
              "skipped": false
            },
            {
              "title": "Será validado se a classe `medium` possui a propriedade `padding` igual a \"8px\"",
              "fullTitle": "9 - Crie a classe `medium` Será validado se a classe `medium` possui a propriedade `padding` igual a \"8px\"",
              "timedOut": null,
              "duration": 97,
              "state": "passed",
              "speed": "slow",
              "pass": true,
              "fail": false,
              "pending": false,
              "context": null,
              "code": "var properties = [{\n  key: 'padding',\n  value: '8px'\n}];\ncheckClass('medium', properties);",
              "err": {},
              "uuid": "99f582c0-ecba-4349-94c6-6ffdee9b3796",
              "parentUUID": "6d81b700-a393-470c-90b7-a33b01e8b2d1",
              "isHook": false,
              "skipped": false
            }
          ],
          "suites": [],
          "passes": [
            "7e04bb29-6c2e-4f05-aa56-e9611f517eb9",
            "99f582c0-ecba-4349-94c6-6ffdee9b3796"
          ],
          "failures": [],
          "pending": [],
          "skipped": [],
          "duration": 257,
          "root": false,
          "rootEmpty": false,
          "_timeout": 2000
        },
        {
          "uuid": "2a3f83a1-ea88-452f-b93c-544dd16d9ad6",
          "title": "10 - Crie a classe `big`",
          "fullFile": "",
          "file": "",
          "beforeHooks": [],
          "afterHooks": [],
          "tests": [
            {
              "title": "Será validado se a classe `big` possui a propriedade `font-size` igual a \"30px\"",
              "fullTitle": "10 - Crie a classe `big` Será validado se a classe `big` possui a propriedade `font-size` igual a \"30px\"",
              "timedOut": null,
              "duration": 93,
              "state": "passed",
              "speed": "slow",
              "pass": true,
              "fail": false,
              "pending": false,
              "context": null,
              "code": "var properties = [{\n  key: 'font-size',\n  value: '30px'\n}];\ncheckClass('big', properties);",
              "err": {},
              "uuid": "2a99c90a-8727-4e07-87e3-24e2205f4414",
              "parentUUID": "2a3f83a1-ea88-452f-b93c-544dd16d9ad6",
              "isHook": false,
              "skipped": false
            },
            {
              "title": "Será validado se a classe `big` possui a propriedade `padding` igual a \"10px\"",
              "fullTitle": "10 - Crie a classe `big` Será validado se a classe `big` possui a propriedade `padding` igual a \"10px\"",
              "timedOut": null,
              "duration": 163,
              "state": "passed",
              "speed": "slow",
              "pass": true,
              "fail": false,
              "pending": false,
              "context": null,
              "code": "var properties = [{\n  key: 'padding',\n  value: '10px'\n}];\ncheckClass('big', properties);",
              "err": {},
              "uuid": "00d83594-b543-4453-82d9-3d3e32527d24",
              "parentUUID": "2a3f83a1-ea88-452f-b93c-544dd16d9ad6",
              "isHook": false,
              "skipped": false
            }
          ],
          "suites": [],
          "passes": [
            "2a99c90a-8727-4e07-87e3-24e2205f4414",
            "00d83594-b543-4453-82d9-3d3e32527d24"
          ],
          "failures": [],
          "pending": [],
          "skipped": [],
          "duration": 256,
          "root": false,
          "rootEmpty": false,
          "_timeout": 2000
        },
        {
          "uuid": "d6f79f1a-aa04-4cdf-af47-0bc16005e53e",
          "title": "11 - Crie a classe `reallybig`",
          "fullFile": "",
          "file": "",
          "beforeHooks": [],
          "afterHooks": [],
          "tests": [
            {
              "title": "Será validado se a classe `reallybig` possui a propriedade `font-size` igual a \"40px\"",
              "fullTitle": "11 - Crie a classe `reallybig` Será validado se a classe `reallybig` possui a propriedade `font-size` igual a \"40px\"",
              "timedOut": null,
              "duration": 134,
              "state": "passed",
              "speed": "slow",
              "pass": true,
              "fail": false,
              "pending": false,
              "context": null,
              "code": "var properties = [{\n  key: 'font-size',\n  value: '40px'\n}];\ncheckClass('reallybig', properties);",
              "err": {},
              "uuid": "87339445-8044-489d-aaad-bc8763938c45",
              "parentUUID": "d6f79f1a-aa04-4cdf-af47-0bc16005e53e",
              "isHook": false,
              "skipped": false
            },
            {
              "title": "Será validado se a classe `reallybig` possui a propriedade `padding` igual a \"15px\"",
              "fullTitle": "11 - Crie a classe `reallybig` Será validado se a classe `reallybig` possui a propriedade `padding` igual a \"15px\"",
              "timedOut": null,
              "duration": 131,
              "state": "passed",
              "speed": "slow",
              "pass": true,
              "fail": false,
              "pending": false,
              "context": null,
              "code": "var properties = [{\n  key: 'padding',\n  value: '15px'\n}];\ncheckClass('reallybig', properties);",
              "err": {},
              "uuid": "d506c280-39e4-42c6-b37e-c09758ac2bdb",
              "parentUUID": "d6f79f1a-aa04-4cdf-af47-0bc16005e53e",
              "isHook": false,
              "skipped": false
            }
          ],
          "suites": [],
          "passes": [
            "87339445-8044-489d-aaad-bc8763938c45",
            "d506c280-39e4-42c6-b37e-c09758ac2bdb"
          ],
          "failures": [],
          "pending": [],
          "skipped": [],
          "duration": 265,
          "root": false,
          "rootEmpty": false,
          "_timeout": 2000
        },
        {
          "uuid": "24d753ac-3b7d-421d-8869-a937f684bac9",
          "title": "12 - Crie a classe `rotateleft`",
          "fullFile": "",
          "file": "",
          "beforeHooks": [],
          "afterHooks": [],
          "tests": [
            {
              "title": "Será validado se a classe `rotateleft` possui a propriedade `transform` igual a \"matrix(0.996195, -0.0871557, 0.0871557, 0.996195, 0, 0)\"",
              "fullTitle": "12 - Crie a classe `rotateleft` Será validado se a classe `rotateleft` possui a propriedade `transform` igual a \"matrix(0.996195, -0.0871557, 0.0871557, 0.996195, 0, 0)\"",
              "timedOut": null,
              "duration": 245,
              "state": "passed",
              "speed": "slow",
              "pass": true,
              "fail": false,
              "pending": false,
              "context": null,
              "code": "var properties = [{\n  key: 'transform',\n  value: 'matrix(0.996195, -0.0871557, 0.0871557, 0.996195, 0, 0)'\n}];\ncheckClass('rotateleft', properties);",
              "err": {},
              "uuid": "f768e860-9375-4de9-8931-9d8cc5964d98",
              "parentUUID": "24d753ac-3b7d-421d-8869-a937f684bac9",
              "isHook": false,
              "skipped": false
            }
          ],
          "suites": [],
          "passes": [
            "f768e860-9375-4de9-8931-9d8cc5964d98"
          ],
          "failures": [],
          "pending": [],
          "skipped": [],
          "duration": 245,
          "root": false,
          "rootEmpty": false,
          "_timeout": 2000
        },
        {
          "uuid": "b827af22-722a-40f1-9eca-c807268af56b",
          "title": "13 - Crie a classe `rotateright`",
          "fullFile": "",
          "file": "",
          "beforeHooks": [],
          "afterHooks": [],
          "tests": [
            {
              "title": "Será validado se a classe `rotateright` possui a propriedade `transform` igual a \"matrix(0.996195, 0.0871557, -0.0871557, 0.996195, 0, 0)\"",
              "fullTitle": "13 - Crie a classe `rotateright` Será validado se a classe `rotateright` possui a propriedade `transform` igual a \"matrix(0.996195, 0.0871557, -0.0871557, 0.996195, 0, 0)\"",
              "timedOut": null,
              "duration": 187,
              "state": "passed",
              "speed": "slow",
              "pass": true,
              "fail": false,
              "pending": false,
              "context": null,
              "code": "var properties = [{\n  key: 'transform',\n  value: 'matrix(0.996195, 0.0871557, -0.0871557, 0.996195, 0, 0)'\n}];\ncheckClass('rotateright', properties);",
              "err": {},
              "uuid": "325d6f91-01be-46c4-9476-0482c1d0867f",
              "parentUUID": "b827af22-722a-40f1-9eca-c807268af56b",
              "isHook": false,
              "skipped": false
            }
          ],
          "suites": [],
          "passes": [
            "325d6f91-01be-46c4-9476-0482c1d0867f"
          ],
          "failures": [],
          "pending": [],
          "skipped": [],
          "duration": 187,
          "root": false,
          "rootEmpty": false,
          "_timeout": 2000
        },
        {
          "uuid": "de1d1433-087c-49e8-b902-771a546ff5bf",
          "title": "14 - Crie a classe `skewleft`",
          "fullFile": "",
          "file": "",
          "beforeHooks": [],
          "afterHooks": [],
          "tests": [
            {
              "title": "Será validado se a classe `skewleft` possui a propriedade `transform` igual a \"matrix(1, 0, 0.176327, 1, 0, 0)\"",
              "fullTitle": "14 - Crie a classe `skewleft` Será validado se a classe `skewleft` possui a propriedade `transform` igual a \"matrix(1, 0, 0.176327, 1, 0, 0)\"",
              "timedOut": null,
              "duration": 138,
              "state": "passed",
              "speed": "slow",
              "pass": true,
              "fail": false,
              "pending": false,
              "context": null,
              "code": "var properties = [{\n  key: 'transform',\n  value: 'matrix(1, 0, 0.176327, 1, 0, 0)'\n}];\ncheckClass('skewleft', properties);",
              "err": {},
              "uuid": "a2728880-5dcf-44be-9d6a-9c4d9efe4404",
              "parentUUID": "de1d1433-087c-49e8-b902-771a546ff5bf",
              "isHook": false,
              "skipped": false
            }
          ],
          "suites": [],
          "passes": [
            "a2728880-5dcf-44be-9d6a-9c4d9efe4404"
          ],
          "failures": [],
          "pending": [],
          "skipped": [],
          "duration": 138,
          "root": false,
          "rootEmpty": false,
          "_timeout": 2000
        },
        {
          "uuid": "2add666b-b118-4e51-88c4-831eb3023770",
          "title": "15 - Crie a classe `skewright`",
          "fullFile": "",
          "file": "",
          "beforeHooks": [],
          "afterHooks": [],
          "tests": [
            {
              "title": "erá validado se a classe `skewright` possui a propriedade `transform` igual a \"matrix(1, 0, -0.176327, 1, 0, 0)\"",
              "fullTitle": "15 - Crie a classe `skewright` erá validado se a classe `skewright` possui a propriedade `transform` igual a \"matrix(1, 0, -0.176327, 1, 0, 0)\"",
              "timedOut": null,
              "duration": 120,
              "state": "passed",
              "speed": "slow",
              "pass": true,
              "fail": false,
              "pending": false,
              "context": null,
              "code": "var properties = [{\n  key: 'transform',\n  value: 'matrix(1, 0, -0.176327, 1, 0, 0)'\n}];\ncheckClass('skewright', properties);",
              "err": {},
              "uuid": "00b05104-d026-41f4-a2b9-b16edccc223e",
              "parentUUID": "2add666b-b118-4e51-88c4-831eb3023770",
              "isHook": false,
              "skipped": false
            }
          ],
          "suites": [],
          "passes": [
            "00b05104-d026-41f4-a2b9-b16edccc223e"
          ],
          "failures": [],
          "pending": [],
          "skipped": [],
          "duration": 120,
          "root": false,
          "rootEmpty": false,
          "_timeout": 2000
        },
        {
          "uuid": "449d05b0-8c63-4e87-9ac7-32e5ab2d8587",
          "title": "16 - Adicione as classes de forma aleatória a fim de estilizar as palavras",
          "fullFile": "",
          "file": "",
          "beforeHooks": [],
          "afterHooks": [],
          "tests": [
            {
              "title": "Será validado se ao criar uma carta ela recebe uma lista de classes aleatórias",
              "fullTitle": "16 - Adicione as classes de forma aleatória a fim de estilizar as palavras Será validado se ao criar uma carta ela recebe uma lista de classes aleatórias",
              "timedOut": null,
              "duration": 4279,
              "state": "failed",
              "speed": null,
              "pass": false,
              "fail": true,
              "pending": false,
              "context": null,
              "code": "createLetter(letterContent);\ncy.get(LETTER_GENERATED_SPANS_SELECTOR).then(function ($el) {\n  $el.each(function (_index, span) {\n    var klasses = span.className.split(WORDS_SPLIT_CHARACTER);\n    expect(ALLOWED_CLASSES).to.include.members(klasses);\n    first.push.apply(first, (0, _toConsumableArray2[\"default\"])(klasses));\n  });\n});",
              "err": {
                "message": "Uncaught ReferenceError: letterCounter is not defined\n\nThis error originated from your application code, not from Cypress.\n\nWhen Cypress detects uncaught errors originating from your application it will automatically fail the current test.\n\nThis behavior is configurable, and you can choose to turn this off by listening to the 'uncaught:exception' event.\n\nhttps://on.cypress.io/uncaught-exception-from-application",
                "estack": "Uncaught ReferenceError: letterCounter is not defined\n\nThis error originated from your application code, not from Cypress.\n\nWhen Cypress detects uncaught errors originating from your application it will automatically fail the current test.\n\nThis behavior is configurable, and you can choose to turn this off by listening to the 'uncaught:exception' event.\n\nhttps://on.cypress.io/uncaught-exception-from-application\n    at createLetter (http://localhost:59997/script.js:24:7)\n    at HTMLButtonElement.<anonymous> (http://localhost:59997/script.js:40:9)",
                "diff": null
              },
              "uuid": "a2094128-e092-45b9-8a8b-49efe455ac51",
              "parentUUID": "449d05b0-8c63-4e87-9ac7-32e5ab2d8587",
              "isHook": false,
              "skipped": false
            },
            {
              "title": "Será validado se ao criar uma segunda carta ela recebe uma lista de classes aleatórias",
              "fullTitle": "16 - Adicione as classes de forma aleatória a fim de estilizar as palavras Será validado se ao criar uma segunda carta ela recebe uma lista de classes aleatórias",
              "timedOut": null,
              "duration": 5164,
              "state": "failed",
              "speed": null,
              "pass": false,
              "fail": true,
              "pending": false,
              "context": null,
              "code": "createLetter(letterContent);\ncy.get(LETTER_GENERATED_SPANS_SELECTOR).then(function ($el) {\n  $el.each(function (_index, span) {\n    var klasses = span.className.split(WORDS_SPLIT_CHARACTER);\n    expect(ALLOWED_CLASSES).to.include.members(klasses);\n    second.push.apply(second, (0, _toConsumableArray2[\"default\"])(klasses));\n  });\n});",
              "err": {
                "message": "Uncaught ReferenceError: letterCounter is not defined\n\nThis error originated from your application code, not from Cypress.\n\nWhen Cypress detects uncaught errors originating from your application it will automatically fail the current test.\n\nThis behavior is configurable, and you can choose to turn this off by listening to the 'uncaught:exception' event.\n\nhttps://on.cypress.io/uncaught-exception-from-application",
                "estack": "Uncaught ReferenceError: letterCounter is not defined\n\nThis error originated from your application code, not from Cypress.\n\nWhen Cypress detects uncaught errors originating from your application it will automatically fail the current test.\n\nThis behavior is configurable, and you can choose to turn this off by listening to the 'uncaught:exception' event.\n\nhttps://on.cypress.io/uncaught-exception-from-application\n    at createLetter (http://localhost:59997/script.js:24:7)\n    at HTMLButtonElement.<anonymous> (http://localhost:59997/script.js:40:9)",
                "diff": null
              },
              "uuid": "7adaae9d-8c86-4903-b367-9d4ba0637cf7",
              "parentUUID": "449d05b0-8c63-4e87-9ac7-32e5ab2d8587",
              "isHook": false,
              "skipped": false
            },
            {
              "title": "Será validado se as classes das duas cartas não são exatamente iguais",
              "fullTitle": "16 - Adicione as classes de forma aleatória a fim de estilizar as palavras Será validado se as classes das duas cartas não são exatamente iguais",
              "timedOut": null,
              "duration": 1016,
              "state": "failed",
              "speed": null,
              "pass": false,
              "fail": true,
              "pending": false,
              "context": null,
              "code": "expect(first).to.not.deep.equal(second);",
              "err": {
                "message": "AssertionError: expected [] to not deeply equal []",
                "estack": "AssertionError: expected [] to not deeply equal []\n    at Context.runnable.fn (http://localhost:59997/__cypress/runner/cypress_runner.js:149160:24)\n    at callFn (http://localhost:59997/__cypress/runner/cypress_runner.js:92302:21)\n    at http://localhost:59997/__cypress/runner/cypress_runner.js:152489:28\n    at PassThroughHandlerContext.finallyHandler (http://localhost:59997/__cypress/runner/cypress_runner.js:163970:23)\n    at PassThroughHandlerContext.tryCatcher (http://localhost:59997/__cypress/runner/cypress_runner.js:167415:23)\n    at Promise._settlePromiseFromHandler (http://localhost:59997/__cypress/runner/cypress_runner.js:165351:31)\n    at Promise._settlePromise (http://localhost:59997/__cypress/runner/cypress_runner.js:165408:18)\n    at Promise._settlePromise0 (http://localhost:59997/__cypress/runner/cypress_runner.js:165453:10)\n    at Promise._settlePromises (http://localhost:59997/__cypress/runner/cypress_runner.js:165532:18)\n    at Async../node_modules/bluebird/js/release/async.js.Async._drainQueue (http://localhost:59997/__cypress/runner/cypress_runner.js:162140:16)\n    at Async../node_modules/bluebird/js/release/async.js.Async._drainQueues (http://localhost:59997/__cypress/runner/cypress_runner.js:162150:10)\n    at Async.drainQueues (http://localhost:59997/__cypress/runner/cypress_runner.js:162024:14)",
                "diff": ""
              },
              "uuid": "8bad1fa0-1846-4665-8289-4b9f9552541e",
              "parentUUID": "449d05b0-8c63-4e87-9ac7-32e5ab2d8587",
              "isHook": false,
              "skipped": false
            }
          ],
          "suites": [],
          "passes": [],
          "failures": [
            "a2094128-e092-45b9-8a8b-49efe455ac51",
            "7adaae9d-8c86-4903-b367-9d4ba0637cf7",
            "8bad1fa0-1846-4665-8289-4b9f9552541e"
          ],
          "pending": [],
          "skipped": [],
          "duration": 10459,
          "root": false,
          "rootEmpty": false,
          "_timeout": 2000
        },
        {
          "uuid": "13f9875c-b58d-4310-a9e4-50fb64ea1abe",
          "title": "17 - Adicione a possibilidade de alterar o estilo de uma palavra específica ao clicar nela",
          "fullFile": "",
          "file": "",
          "beforeHooks": [],
          "afterHooks": [],
          "tests": [
            {
              "title": "Será validado se ao clicar em uma carta uma nova lista aleatória de classes é gerada",
              "fullTitle": "17 - Adicione a possibilidade de alterar o estilo de uma palavra específica ao clicar nela Será validado se ao clicar em uma carta uma nova lista aleatória de classes é gerada",
              "timedOut": null,
              "duration": 2438,
              "state": "failed",
              "speed": null,
              "pass": false,
              "fail": true,
              "pending": false,
              "context": null,
              "code": "cy.get(wordSelector).then(function ($el) {\n  var span = $el[0];\n  var klasses = span.classList;\n  first.push.apply(first, (0, _toConsumableArray2[\"default\"])(klasses));\n  expect(first.length).to.be.equal(4);\n  cy.get(wordSelector).click().then(function ($elem) {\n    var span = $elem[0];\n    var secondKlasses = span.classList;\n    second.push.apply(second, (0, _toConsumableArray2[\"default\"])(secondKlasses));\n    expect(first).to.not.deep.equal(second);\n  });\n});",
              "err": {
                "message": "Uncaught ReferenceError: letterCounter is not defined\n\nThis error originated from your application code, not from Cypress.\n\nWhen Cypress detects uncaught errors originating from your application it will automatically fail the current test.\n\nThis behavior is configurable, and you can choose to turn this off by listening to the 'uncaught:exception' event.\n\nhttps://on.cypress.io/uncaught-exception-from-application\n\nBecause this error occurred during a 'before each' hook we are skipping the remaining tests in the current suite: '17 - Adicione a possibilida...'",
                "estack": "Uncaught ReferenceError: letterCounter is not defined\n\nThis error originated from your application code, not from Cypress.\n\nWhen Cypress detects uncaught errors originating from your application it will automatically fail the current test.\n\nThis behavior is configurable, and you can choose to turn this off by listening to the 'uncaught:exception' event.\n\nhttps://on.cypress.io/uncaught-exception-from-application\n\nBecause this error occurred during a 'before each' hook we are skipping the remaining tests in the current suite: '17 - Adicione a possibilida...'\n    at createLetter (http://localhost:59997/script.js:24:7)\n    at HTMLButtonElement.<anonymous> (http://localhost:59997/script.js:40:9)",
                "diff": null
              },
              "uuid": "2eaabb77-e60b-4580-979c-2d5f7641865b",
              "parentUUID": "13f9875c-b58d-4310-a9e4-50fb64ea1abe",
              "isHook": false,
              "skipped": false
            },
            {
              "title": "Será validado se ao clicar novamente na mesma carta uma nova lista aleatória de classes é gerada e se a nova lista é diferente da lista anterior",
              "fullTitle": "17 - Adicione a possibilidade de alterar o estilo de uma palavra específica ao clicar nela Será validado se ao clicar novamente na mesma carta uma nova lista aleatória de classes é gerada e se a nova lista é diferente da lista anterior",
              "timedOut": null,
              "duration": 0,
              "state": "skipped",
              "speed": null,
              "pass": false,
              "fail": false,
              "pending": false,
              "context": null,
              "code": "cy.get(wordSelector).click().then(function ($elem) {\n  var span = $elem[0];\n  var thirdKlasses = span.classList;\n  third.push.apply(third, (0, _toConsumableArray2[\"default\"])(thirdKlasses));\n  expect(second).to.not.deep.equal(third);\n  expect(second.length).to.be.equal(4);\n  expect(third.length).to.be.equal(4);\n});",
              "err": {},
              "uuid": "4bbf88b6-dd84-4283-b7b5-720c131b3732",
              "parentUUID": "13f9875c-b58d-4310-a9e4-50fb64ea1abe",
              "isHook": false,
              "skipped": true
            }
          ],
          "suites": [],
          "passes": [],
          "failures": [
            "2eaabb77-e60b-4580-979c-2d5f7641865b"
          ],
          "pending": [],
          "skipped": [
            "4bbf88b6-dd84-4283-b7b5-720c131b3732"
          ],
          "duration": 2438,
          "root": false,
          "rootEmpty": false,
          "_timeout": 2000
        },
        {
          "uuid": "6c5067e6-0dd9-4911-997d-9cf3b8ac3c6a",
          "title": "18 - Crie um parágrafo com o `id` `carta-contador` que deve contar o número de palavras geradas naquela carta",
          "fullFile": "",
          "file": "",
          "beforeHooks": [],
          "afterHooks": [],
          "tests": [
            {
              "title": "Será validado que existe um elemento `p` com o `id=\"carta-contador\"`",
              "fullTitle": "18 - Crie um parágrafo com o `id` `carta-contador` que deve contar o número de palavras geradas naquela carta Será validado que existe um elemento `p` com o `id=\"carta-contador\"`",
              "timedOut": null,
              "duration": 244,
              "state": "passed",
              "speed": "slow",
              "pass": true,
              "fail": false,
              "pending": false,
              "context": null,
              "code": "cy.get(LETTER_COUNTER_P_SELECTOR).should('exist');",
              "err": {},
              "uuid": "e3f43270-a277-4ace-b76c-3825633333eb",
              "parentUUID": "6c5067e6-0dd9-4911-997d-9cf3b8ac3c6a",
              "isHook": false,
              "skipped": false
            },
            {
              "title": "Será validado se ao criar uma carta o elemento `p` com o `id=\"carta-contador\"  é atualizado com o número de palavras da carta (valor numérico).",
              "fullTitle": "18 - Crie um parágrafo com o `id` `carta-contador` que deve contar o número de palavras geradas naquela carta Será validado se ao criar uma carta o elemento `p` com o `id=\"carta-contador\"  é atualizado com o número de palavras da carta (valor numérico).",
              "timedOut": null,
              "duration": 2454,
              "state": "failed",
              "speed": null,
              "pass": false,
              "fail": true,
              "pending": false,
              "context": null,
              "code": "var letterContent1 = 'esta é uma carta com 7 palavras';\nvar letter1Counter = letterContent1.split(WORDS_SPLIT_CHARACTER).length;\ncreateLetter(letterContent1);\ncy.get(LETTER_COUNTER_P_SELECTOR).should('have.text', letter1Counter.toString());\nvar letterContent2 = 'esta é uma carta com 2 palavras a mais';\nvar letter2Counter = letterContent2.split(WORDS_SPLIT_CHARACTER).length;\ncreateLetter(letterContent2);\ncy.get(LETTER_COUNTER_P_SELECTOR).should('have.text', letter2Counter.toString());",
              "err": {
                "message": "Uncaught ReferenceError: letterCounter is not defined\n\nThis error originated from your application code, not from Cypress.\n\nWhen Cypress detects uncaught errors originating from your application it will automatically fail the current test.\n\nThis behavior is configurable, and you can choose to turn this off by listening to the 'uncaught:exception' event.\n\nhttps://on.cypress.io/uncaught-exception-from-application",
                "estack": "Uncaught ReferenceError: letterCounter is not defined\n\nThis error originated from your application code, not from Cypress.\n\nWhen Cypress detects uncaught errors originating from your application it will automatically fail the current test.\n\nThis behavior is configurable, and you can choose to turn this off by listening to the 'uncaught:exception' event.\n\nhttps://on.cypress.io/uncaught-exception-from-application\n    at createLetter (http://localhost:59997/script.js:24:7)\n    at HTMLButtonElement.<anonymous> (http://localhost:59997/script.js:40:9)",
                "diff": null
              },
              "uuid": "6f035de4-624c-452f-9f13-76ed2af388ed",
              "parentUUID": "6c5067e6-0dd9-4911-997d-9cf3b8ac3c6a",
              "isHook": false,
              "skipped": false
            }
          ],
          "suites": [],
          "passes": [
            "e3f43270-a277-4ace-b76c-3825633333eb"
          ],
          "failures": [
            "6f035de4-624c-452f-9f13-76ed2af388ed"
          ],
          "pending": [],
          "skipped": [],
          "duration": 2698,
          "root": false,
          "rootEmpty": false,
          "_timeout": 2000
        }
      ],
      "passes": [],
      "failures": [],
      "pending": [],
      "skipped": [],
      "duration": 0,
      "root": true,
      "rootEmpty": true,
      "_timeout": 2000
    }
  ],
  "meta": {
    "mocha": {
      "version": "7.0.1"
    },
    "mochawesome": {
      "options": {
        "quiet": false,
        "reportFilename": "mochawesome",
        "saveHtml": false,
        "saveJson": true,
        "consoleReporter": "spec",
        "useInlineDiffs": false
      },
      "version": "4.1.0"
    },
    "marge": {
      "options": {
        "id": "default",
        "reportDir": "cypress/reports",
        "overwrite": true,
        "html": false,
        "json": true
      },
      "version": "4.1.0"
    }
  }
}